C51 COMPILER V9.60.0.0   MAIN                                                              06/17/2022 23:34:55 PAGE 1   


C51 COMPILER V9.60.0.0, COMPILATION OF MODULE MAIN
OBJECT MODULE PLACED IN .\Objects\main.obj
COMPILER INVOKED BY: D:\Keil_v5\C51\BIN\C51.EXE main.c OPTIMIZE(8,SPEED) BROWSE INCDIR(.\USER\timer;.\USER\key;.\USER\De
                    -lay;.\USER\LCD1602;.\USER\uart;.\USER\LED8_8) DEBUG OBJECTEXTEND PRINT(.\Listings\main.lst) TABS(2) OBJECT(.\Objects\mai
                    -n.obj)

line level    source

   1          #include <REGX52.H>
   2          #include "INTRINS.h"
   3          #include "LCD1602.h"
   4          #include "uart.h"
   5          #include "delay.h"
   6          #include "LED8_8.h"
   7          
   8          
   9          
  10          void main()
  11          {
  12   1        _74HC595_init();
  13   1        while(1)
  14   1        {
  15   2          LED8_8_show(0,0x9F);
  16   2          LED8_8_show(1,0x91);
  17   2          LED8_8_show(2,0x91);
  18   2          LED8_8_show(3,0x91);
  19   2          LED8_8_show(4,0x91);
  20   2          LED8_8_show(5,0x91);
  21   2          LED8_8_show(6,0x91);
  22   2          LED8_8_show(7,0xF1);
  23   2      
  24   2        }
  25   1      }
  26          
  27          
  28          
  29          
  30          
  31          
  32          


MODULE INFORMATION:   STATIC OVERLAYABLE
   CODE SIZE        =     77    ----
   CONSTANT SIZE    =   ----    ----
   XDATA SIZE       =   ----    ----
   PDATA SIZE       =   ----    ----
   DATA SIZE        =   ----    ----
   IDATA SIZE       =   ----    ----
   BIT SIZE         =   ----    ----
END OF MODULE INFORMATION.


C51 COMPILATION COMPLETE.  0 WARNING(S),  0 ERROR(S)
