C51 COMPILER V9.60.0.0   LCD1602                                                           06/18/2022 19:37:01 PAGE 1   


C51 COMPILER V9.60.0.0, COMPILATION OF MODULE LCD1602
OBJECT MODULE PLACED IN .\Objects\LCD1602.obj
COMPILER INVOKED BY: D:\Keil_v5\C51\BIN\C51.EXE USER\LCD1602\LCD1602.c OPTIMIZE(8,SPEED) BROWSE INCDIR(.\USER\timer;.\US
                    -ER\key;.\USER\Delay;.\USER\LCD1602;.\USER\uart) DEBUG OBJECTEXTEND PRINT(.\Listings\LCD1602.lst) TABS(2) OBJECT(.\Object
                    -s\LCD1602.obj)

line level    source

   1          #include <REGX52.H>
   2          #include <LCD1602.h>
   3          
   4          //引脚配置：
   5          sbit LCD_RS=P2^6;
   6          sbit LCD_RW=P2^5;
   7          sbit LCD_EN=P2^7;
   8          #define LCD_DataPort P0
   9          
  10          //函数定义：
  11          /**
  12            * @brief  LCD1602延时函数，12MHz调用可延时1ms
  13            * @param  无
  14            * @retval 无
  15            */
  16          void LCD_Delay()
  17          {
  18   1        unsigned char i, j;
  19   1      
  20   1        i = 2;
  21   1        j = 239;
  22   1        do
  23   1        {
  24   2          while (--j);
  25   2        } while (--i);
  26   1      }
  27          
  28          /**
  29            * @brief  LCD1602写命令
  30            * @param  Command 要写入的命令
  31            * @retval 无
  32            */
  33          void LCD_WriteCommand(unsigned char Command)
  34          {
  35   1        LCD_RS=0;
  36   1        LCD_RW=0;
  37   1        LCD_DataPort=Command;
  38   1        LCD_EN=1;
  39   1        LCD_Delay();
  40   1        LCD_EN=0;
  41   1        LCD_Delay();
  42   1      }
  43          
  44          /**
  45            * @brief  LCD1602写数据
  46            * @param  Data 要写入的数据
  47            * @retval 无
  48            */
  49          void LCD_WriteData(unsigned char Data)
  50          {
  51   1        LCD_RS=1;
  52   1        LCD_RW=0;
  53   1        LCD_DataPort=Data;
C51 COMPILER V9.60.0.0   LCD1602                                                           06/18/2022 19:37:01 PAGE 2   

  54   1        LCD_EN=1;
  55   1        LCD_Delay();
  56   1        LCD_EN=0;
  57   1        LCD_Delay();
  58   1      }
  59          
  60          /**
  61            * @brief  LCD1602设置光标位置
  62            * @param  Line 行位置，范围：1~2
  63            * @param  Column 列位置，范围：1~16
  64            * @retval 无
  65            */
  66          void LCD_SetCursor(unsigned char Line,unsigned char Column)
  67          {
  68   1        if(Line==1)
  69   1        {
  70   2          LCD_WriteCommand(0x80|(Column-1));
  71   2        }
  72   1        else if(Line==2)
  73   1        {
  74   2          LCD_WriteCommand(0x80|(Column-1+0x40));
  75   2        }
  76   1      }
  77          
  78          /**
  79            * @brief  LCD1602初始化函数
  80            * @param  无
  81            * @retval 无
  82            */
  83          void LCD_Init()
  84          {
  85   1        LCD_WriteCommand(0x38);//八位数据接口，两行显示，5*7点阵
  86   1        LCD_WriteCommand(0x0c);//显示开，光标关，闪烁关
  87   1        LCD_WriteCommand(0x06);//数据读写操作后，光标自动加一，画面不动
  88   1        LCD_WriteCommand(0x01);//光标复位，清屏
  89   1      }
  90          
  91          /**
  92            * @brief  在LCD1602指定位置上显示一个字符
  93            * @param  Line 行位置，范围：1~2
  94            * @param  Column 列位置，范围：1~16
  95            * @param  Char 要显示的字符
  96            * @retval 无
  97            */
  98          void LCD_ShowChar(unsigned char Line,unsigned char Column,char Char)
  99          {
 100   1        LCD_SetCursor(Line,Column);
 101   1        LCD_WriteData(Char);
 102   1      }
 103          
 104          /**
 105            * @brief  在LCD1602指定位置开始显示所给字符串
 106            * @param  Line 起始行位置，范围：1~2
 107            * @param  Column 起始列位置，范围：1~16
 108            * @param  String 要显示的字符串
 109            * @retval 无
 110            */
 111          void LCD_ShowString(unsigned char Line,unsigned char Column,char *String)
 112          {
 113   1        unsigned char i;
 114   1        LCD_SetCursor(Line,Column);
 115   1        for(i=0;String[i]!='\0';i++)
C51 COMPILER V9.60.0.0   LCD1602                                                           06/18/2022 19:37:01 PAGE 3   

 116   1        {
 117   2          LCD_WriteData(String[i]);
 118   2        }
 119   1      }
 120          
 121          /**
 122            * @brief  返回值=X的Y次方
 123            */
 124          int LCD_Pow(int X,int Y)
 125          {
 126   1        unsigned char i;
 127   1        int Result=1;
 128   1        for(i=0;i<Y;i++)
 129   1        {
 130   2          Result*=X;
 131   2        }
 132   1        return Result;
 133   1      }
 134          
 135          /**
 136            * @brief  在LCD1602指定位置开始显示所给数字
 137            * @param  Line 起始行位置，范围：1~2
 138            * @param  Column 起始列位置，范围：1~16
 139            * @param  Number 要显示的数字，范围：0~65535
 140            * @param  Length 要显示数字的长度，范围：1~5
 141            * @retval 无
 142            */
 143          void LCD_ShowNum(unsigned char Line,unsigned char Column,unsigned int Number,unsigned char Length)
 144          {
 145   1        unsigned char i;
 146   1        LCD_SetCursor(Line,Column);
 147   1        for(i=Length;i>0;i--)
 148   1        {
 149   2          LCD_WriteData(Number/LCD_Pow(10,i-1)%10+'0');
 150   2        }
 151   1      }
 152          
 153          /**
 154            * @brief  在LCD1602指定位置开始以有符号十进制显示所给数字
 155            * @param  Line 起始行位置，范围：1~2
 156            * @param  Column 起始列位置，范围：1~16
 157            * @param  Number 要显示的数字，范围：-32768~32767
 158            * @param  Length 要显示数字的长度，范围：1~5
 159            * @retval 无
 160            */
 161          void LCD_ShowSignedNum(unsigned char Line,unsigned char Column,int Number,unsigned char Length)
 162          {
 163   1        unsigned char i;
 164   1        unsigned int Number1;
 165   1        LCD_SetCursor(Line,Column);
 166   1        if(Number>=0)
 167   1        {
 168   2          LCD_WriteData('+');
 169   2          Number1=Number;
 170   2        }
 171   1        else
 172   1        {
 173   2          LCD_WriteData('-');
 174   2          Number1=-Number;
 175   2        }
 176   1        for(i=Length;i>0;i--)
 177   1        {
C51 COMPILER V9.60.0.0   LCD1602                                                           06/18/2022 19:37:01 PAGE 4   

 178   2          LCD_WriteData(Number1/LCD_Pow(10,i-1)%10+'0');
 179   2        }
 180   1      }
 181          
 182          


MODULE INFORMATION:   STATIC OVERLAYABLE
   CODE SIZE        =    309    ----
   CONSTANT SIZE    =   ----    ----
   XDATA SIZE       =   ----    ----
   PDATA SIZE       =   ----    ----
   DATA SIZE        =   ----      19
   IDATA SIZE       =   ----    ----
   BIT SIZE         =   ----    ----
END OF MODULE INFORMATION.


C51 COMPILATION COMPLETE.  0 WARNING(S),  0 ERROR(S)
