C51 COMPILER V9.60.0.0   MAIN                                                              06/18/2022 19:37:00 PAGE 1   


C51 COMPILER V9.60.0.0, COMPILATION OF MODULE MAIN
OBJECT MODULE PLACED IN .\Objects\main.obj
COMPILER INVOKED BY: D:\Keil_v5\C51\BIN\C51.EXE main.c OPTIMIZE(8,SPEED) BROWSE INCDIR(.\USER\timer;.\USER\key;.\USER\De
                    -lay;.\USER\LCD1602;.\USER\uart) DEBUG OBJECTEXTEND PRINT(.\Listings\main.lst) TABS(2) OBJECT(.\Objects\main.obj)

line level    source

   1          #include <REGX52.H>
   2          #include "INTRINS.h"
   3          #include "LCD1602.h"
   4          #include "delay.h"
   5          
   6          sbit BUZZER = P2^0;
   7          sbit SOUNDER = P2^1;
   8          
   9          void main()
  10          {
  11   1        SOUNDER = 0;
  12   1        while(1)
  13   1        {
  14   2      //    SOUNDER = 1;
  15   2      //    Delay(1);
  16   2      //    SOUNDER = 0;
  17   2      //    Delay(1);
  18   2        }
  19   1      }
  20          
  21          
  22          
  23          
  24          
  25          
  26          


MODULE INFORMATION:   STATIC OVERLAYABLE
   CODE SIZE        =      4    ----
   CONSTANT SIZE    =   ----    ----
   XDATA SIZE       =   ----    ----
   PDATA SIZE       =   ----    ----
   DATA SIZE        =   ----    ----
   IDATA SIZE       =   ----    ----
   BIT SIZE         =   ----    ----
END OF MODULE INFORMATION.


C51 COMPILATION COMPLETE.  0 WARNING(S),  0 ERROR(S)
