C51 COMPILER V9.60.0.0   MAIN                                                              06/17/2022 22:17:38 PAGE 1   


C51 COMPILER V9.60.0.0, COMPILATION OF MODULE MAIN
OBJECT MODULE PLACED IN .\Objects\main.obj
COMPILER INVOKED BY: D:\Keil_v5\C51\BIN\C51.EXE main.c OPTIMIZE(8,SPEED) BROWSE INCDIR(.\USER\timer;.\USER\key;.\USER\De
                    -lay;.\USER\LCD1602;.\USER\uart) DEBUG OBJECTEXTEND PRINT(.\Listings\main.lst) TABS(2) OBJECT(.\Objects\main.obj)

line level    source

   1          #include <REGX52.H>
   2          #include "INTRINS.h"
   3          #include "LCD1602.h"
   4          #include "uart.h"
   5          #include <delay.h>
   6          
   7          sbit SH = P2^0;   //输入时钟
   8          sbit DS = P2^1;   //输入数据
   9          sbit ST = P2^2;   //输出锁存
  10          
  11          void _74HC595_writeByte(unsigned char byte)
  12          {
  13   1        unsigned int i = 0;
  14   1        for(i;i < 8;i++)
  15   1        {
  16   2          DS = byte&(0x80 >> i);
  17   2          SH = 1;
  18   2          SH = 0;
  19   2        }
  20   1        ST = 1;
  21   1        ST = 0;
  22   1      }
  23          
  24          void main()
  25          {
  26   1        SH = 0;
  27   1        ST = 0;
  28   1        while(1)
  29   1        {
  30   2          unsigned int i = 0;
  31   2          for(i;i < 8;i++)
  32   2          {
  33   3            _74HC595_writeByte(0x80 >>i);
  34   3            Delay(500);
  35   3          }
  36   2        }
  37   1      }
  38          
  39          
  40          
  41          
  42          
  43          
  44          


MODULE INFORMATION:   STATIC OVERLAYABLE
   CODE SIZE        =    105    ----
   CONSTANT SIZE    =   ----    ----
   XDATA SIZE       =   ----    ----
   PDATA SIZE       =   ----    ----
   DATA SIZE        =   ----       2
   IDATA SIZE       =   ----    ----
   BIT SIZE         =   ----    ----
C51 COMPILER V9.60.0.0   MAIN                                                              06/17/2022 22:17:38 PAGE 2   

END OF MODULE INFORMATION.


C51 COMPILATION COMPLETE.  0 WARNING(S),  0 ERROR(S)
