C51 COMPILER V9.60.0.0   MAIN                                                              06/13/2022 20:30:18 PAGE 1   


C51 COMPILER V9.60.0.0, COMPILATION OF MODULE MAIN
OBJECT MODULE PLACED IN .\Objects\main.obj
COMPILER INVOKED BY: D:\Keil_v5\C51\BIN\C51.EXE main.c OPTIMIZE(8,SPEED) BROWSE INCDIR(.\src\Delay;.\src\Seg;.\src\LCD16
                    -02;.\src\Key) DEBUG OBJECTEXTEND PRINT(.\Listings\main.lst) TABS(2) OBJECT(.\Objects\main.obj)

line level    source

   1          #include <REGX51.H>
   2          #include <intrins.h>
   3          #include "delay.h"
   4          #include "seg.h"
   5          #include "LCD1602.h"
   6          #include "key.h"
   7          
   8          
   9          
  10          int num = 0;
  11          void main()
  12          {
  13   1        LCD_Init();
  14   1        while(1)
  15   1        {
  16   2            
  17   2          int key ;
  18   2          key =  key_init();
  19   2          if(key == 2)
  20   2          {
  21   3            num = key;
  22   3          }
  23   2          
  24   2           LCD_ShowNum(1,1,num,2);
  25   2        }
  26   1      }
  27          
  28          


MODULE INFORMATION:   STATIC OVERLAYABLE
   CODE SIZE        =     40    ----
   CONSTANT SIZE    =   ----    ----
   XDATA SIZE       =   ----    ----
   PDATA SIZE       =   ----    ----
   DATA SIZE        =      2       2
   IDATA SIZE       =   ----    ----
   BIT SIZE         =   ----    ----
END OF MODULE INFORMATION.


C51 COMPILATION COMPLETE.  0 WARNING(S),  0 ERROR(S)
