C51 COMPILER V9.60.0.0   MAIN                                                              06/18/2022 15:24:02 PAGE 1   


C51 COMPILER V9.60.0.0, COMPILATION OF MODULE MAIN
OBJECT MODULE PLACED IN .\Objects\main.obj
COMPILER INVOKED BY: D:\Keil_v5\C51\BIN\C51.EXE main.c OPTIMIZE(8,SPEED) BROWSE INCDIR(.\USER\timer;.\USER\key;.\USER\De
                    -lay;.\USER\LCD1602;.\USER\uart) DEBUG OBJECTEXTEND PRINT(.\Listings\main.lst) TABS(2) OBJECT(.\Objects\main.obj)

line level    source

   1          //DS1302是由美国DALLAS公司推出的具有涓细电流充电能力的低功耗实时时钟芯片。
   2          //它可以对年、月、日、周、时、分、秒进行计时，且具有闰年补偿等多种功能。
   3          
   4          
   5          
   6          #include <REGX52.H>
   7          #include "INTRINS.h"
   8          #include "LCD1602.h"
   9          #include "delay.h"
  10          
  11          
  12          sbit DS1302_CE = P3^5;
  13          sbit DS1302_SCLK = P3^6;
  14          sbit DS1302_IO = P3^7;
  15          
  16          void DS1302_init(void)
  17          {
  18   1        DS1302_CE = 0;
  19   1        DS1302_SCLK = 0;
  20   1      }
  21          
  22          unsigned char DS1302_readbyte(unsigned char command)
  23          {
  24   1        unsigned char Data = 0x00,i;
  25   1        DS1302_CE = 1;
  26   1        for(i = 0;i < 8;i++)
  27   1        {
  28   2          DS1302_IO = command & (0x01 << i);
  29   2          DS1302_SCLK = 0;
  30   2          DS1302_SCLK = 1;
  31   2        }
  32   1      
  33   1        for(i = 0;i < 8;i++)
  34   1        {
  35   2          DS1302_SCLK = 1;
  36   2          DS1302_SCLK = 0;
  37   2          if(DS1302_IO)
  38   2          {
  39   3            Data = Data | (0x01 << i);
  40   3            if(Data > 9)
  41   3            {
  42   4              Data = 0;
  43   4            }
  44   3          }
  45   2        }
  46   1        
  47   1        DS1302_CE = 0;
  48   1        return Data;
  49   1      }
  50          
  51          void DS1302_writebyte(unsigned char command,Data)
  52          { 
  53   1        unsigned char i;
  54   1        DS1302_CE = 1;
C51 COMPILER V9.60.0.0   MAIN                                                              06/18/2022 15:24:02 PAGE 2   

  55   1        for(i = 0;i < 8;i++)
  56   1        {
  57   2          DS1302_IO = command & (0x01 << i);
  58   2          DS1302_SCLK = 1;
  59   2          DS1302_SCLK = 0;
  60   2        }
  61   1        for(i = 0;i < 8;i++)
  62   1        {
  63   2          DS1302_IO = Data & (0x01 << i);
  64   2          DS1302_SCLK = 1;
  65   2          DS1302_SCLK = 0;
  66   2        }
  67   1        DS1302_CE = 0;
  68   1      }
  69          
  70          void main()
  71          {
  72   1        LCD_Init();
  73   1        DS1302_init();
  74   1        while(1)
  75   1        {
  76   2          unsigned char miao;
  77   2      //    DS1302_writebyte(0x80,0x10);
  78   2          miao = DS1302_readbyte(0x81);
  79   2          LCD_ShowNum(1,1,miao,2);
  80   2        }
  81   1      }
  82          
  83          
  84          
  85          
  86          
  87          
  88          


MODULE INFORMATION:   STATIC OVERLAYABLE
   CODE SIZE        =    242    ----
   CONSTANT SIZE    =   ----    ----
   XDATA SIZE       =   ----    ----
   PDATA SIZE       =   ----    ----
   DATA SIZE        =   ----       3
   IDATA SIZE       =   ----    ----
   BIT SIZE         =   ----    ----
END OF MODULE INFORMATION.


C51 COMPILATION COMPLETE.  0 WARNING(S),  0 ERROR(S)
