C51 COMPILER V9.60.0.0   DELAY                                                             06/13/2022 22:01:04 PAGE 1   


C51 COMPILER V9.60.0.0, COMPILATION OF MODULE DELAY
OBJECT MODULE PLACED IN .\Objects\delay.obj
COMPILER INVOKED BY: D:\Keil_v5\C51\BIN\C51.EXE src\Delay\delay.c OPTIMIZE(8,SPEED) BROWSE INCDIR(.\src\Delay;.\src\Seg;
                    -.\src\LCD1602;.\src\Key) DEBUG OBJECTEXTEND PRINT(.\Listings\delay.lst) TABS(2) OBJECT(.\Objects\delay.obj)

line level    source

   1          #include <REGX51.H>
   2          #include <delay.h>
   3          
   4          
   5          
   6          /**
   7            * @brief  毫秒级延时函数
   8            * @param  xms 延时的毫秒数
   9            * @retval 无
  10          */
  11          
  12          void Delay(unsigned int xms)    //@12.000MHz
  13          {
  14   1        unsigned char i, j;
  15   1      
  16   1        while(xms--)
  17   1        {
  18   2              i = 2;
  19   2              j = 239;
  20   2              do
  21   2              {
  22   3                while (--j);
  23   3              } while (--i);
  24   2        }
  25   1      }


MODULE INFORMATION:   STATIC OVERLAYABLE
   CODE SIZE        =     21    ----
   CONSTANT SIZE    =   ----    ----
   XDATA SIZE       =   ----    ----
   PDATA SIZE       =   ----    ----
   DATA SIZE        =   ----    ----
   IDATA SIZE       =   ----    ----
   BIT SIZE         =   ----    ----
END OF MODULE INFORMATION.


C51 COMPILATION COMPLETE.  0 WARNING(S),  0 ERROR(S)
