C51 COMPILER V9.60.0.0   MAIN                                                              06/13/2022 22:01:04 PAGE 1   


C51 COMPILER V9.60.0.0, COMPILATION OF MODULE MAIN
OBJECT MODULE PLACED IN .\Objects\main.obj
COMPILER INVOKED BY: D:\Keil_v5\C51\BIN\C51.EXE main.c OPTIMIZE(8,SPEED) BROWSE INCDIR(.\src\Delay;.\src\Seg;.\src\LCD16
                    -02;.\src\Key) DEBUG OBJECTEXTEND PRINT(.\Listings\main.lst) TABS(2) OBJECT(.\Objects\main.obj)

line level    source

   1          #include <REGX51.H>
   2          #include <intrins.h>
   3          #include "delay.h"
   4          #include "seg.h"
   5          #include "LCD1602.h"
   6          #include "key.h"
   7          
   8          int num = 0;
   9          int n = 0;
  10          int pwd;
  11          void main()
  12          {
  13   1        LCD_Init();
  14   1        LCD_ShowNum(1,1,0000,4);
  15   1        while(1)
  16   1        {
  17   2            
  18   2          unsigned int key;
  19   2      
  20   2          key =  key_init();
  21   2          if(key)
  22   2          {
  23   3            n++;
  24   3            if(key <= 10)
  25   3            {
  26   4              num = key - 1;
  27   4              if(n == 1)
  28   4              {
  29   5                pwd = num * 1000;
  30   5              }
  31   4              if(n == 2)
  32   4              {
  33   5                pwd = pwd + num * 100;
  34   5              }
  35   4              if(n == 3)
  36   4              {
  37   5                pwd = pwd + num * 10;
  38   5              }
  39   4              if(n == 4)
  40   4              {
  41   5                pwd = pwd + num * 1;
  42   5              }
  43   4            }
  44   3            
  45   3            
  46   3            
  47   3            if(key == 11)
  48   3            {
  49   4              if(pwd ==1235)
  50   4              {
  51   5                LCD_ShowString(2,1,"ok");
  52   5              }
  53   4              else
  54   4              {
C51 COMPILER V9.60.0.0   MAIN                                                              06/13/2022 22:01:04 PAGE 2   

  55   5                LCD_ShowString(2,1,"err");
  56   5              }
  57   4            
  58   4            }
  59   3            
  60   3            
  61   3            if(key == 12)
  62   3            {
  63   4              pwd = 0;
  64   4              n = 0;
  65   4              LCD_ShowString(2,1,"    ");
  66   4            }
  67   3            LCD_ShowNum(1,1,pwd,4);
  68   3            
  69   3          }
  70   2          
  71   2        }
  72   1      }
  73          
  74          


MODULE INFORMATION:   STATIC OVERLAYABLE
   CODE SIZE        =    244    ----
   CONSTANT SIZE    =     12    ----
   XDATA SIZE       =   ----    ----
   PDATA SIZE       =   ----    ----
   DATA SIZE        =      6       2
   IDATA SIZE       =   ----    ----
   BIT SIZE         =   ----    ----
END OF MODULE INFORMATION.


C51 COMPILATION COMPLETE.  0 WARNING(S),  0 ERROR(S)
