C51 COMPILER V9.60.0.0   MAIN                                                              06/12/2022 22:05:52 PAGE 1   


C51 COMPILER V9.60.0.0, COMPILATION OF MODULE MAIN
OBJECT MODULE PLACED IN .\Objects\main.obj
COMPILER INVOKED BY: D:\Keil_v5\C51\BIN\C51.EXE main.c OPTIMIZE(8,SPEED) BROWSE DEBUG OBJECTEXTEND PRINT(.\Listings\main
                    -.lst) TABS(2) OBJECT(.\Objects\main.obj)

line level    source

   1          #include <REGX51.H>
   2          #include <intrins.h>
   3          
   4          
   5          sbit LED0 = P2^0;
   6          sbit LED1 = P2^1;
   7          sbit LED2 = P2^2;
   8          sbit LED3 = P2^3;
   9          sbit LED4 = P2^4;
  10          sbit LED5 = P2^5;
  11          sbit LED6 = P2^6;
  12          sbit LED7 = P2^7;
  13          
  14          
  15          sbit key1 = P3^0;
  16          
  17          
  18          const unsigned int LED[8] = {0x01,0x02,0x04,0x08,0x10,0x20,0x40,0x80};
  19          //共阳极段选
  20          const unsigned int REG1[16] = {0xc0,0xF9,0xA4,0xB0,0x99,0x92,0x82,0xF8,0x80,0x90,0x88,0x83,0xC6,0xA1,0x86,
             -0x8E};
  21          //共阴极段选
  22          const unsigned int REG2[16] = {0x3F,0x06,0x5B,0x4F,0x66,0x6D,0x7D,0x07,0x7F,0x6F,0x77,0x7C,0x39,0x5E,0x79,
             -0x71};
  23          //位选
  24          const unsigned int REG3[8] = {0x00,0x01,0x02,0x03,0x04,0x05,0x06,0x07};
  25          
  26          //延时函数
  27          void Delay(unsigned int xms)    //@12.000MHz
  28          {
  29   1        unsigned char i, j;
  30   1      
  31   1        while(xms--)
  32   1        {
  33   2              i = 2;
  34   2              j = 239;
  35   2              do
  36   2              {
  37   3                while (--j);
  38   3              } while (--i);
  39   2        }
  40   1      }
  41          
  42          /*
  43          *无返回值
  44          *x表示位选，y表示段选
  45          */
  46          void display(int x,int y)
  47          {
  48   1        switch(x)
  49   1        {
  50   2          case 0 :  LED0 = 0;LED1 = 0;LED2 = 0;break;
  51   2          case 1 :  LED0 = 1;LED1 = 0;LED2 = 0;break;
  52   2          case 2 :  LED0 = 0;LED1 = 1;LED2 = 0;break;
C51 COMPILER V9.60.0.0   MAIN                                                              06/12/2022 22:05:52 PAGE 2   

  53   2          case 3 :  LED0 = 1;LED1 = 1;LED2 = 0;break;
  54   2          case 4 :  LED0 = 0;LED1 = 0;LED2 = 1;break;
  55   2          case 5 :  LED0 = 1;LED1 = 0;LED2 = 1;break;
  56   2          case 6 :  LED0 = 0;LED1 = 1;LED2 = 1;break;
  57   2          case 7 :  LED0 = 1;LED1 = 1;LED2 = 1;break;
  58   2        }
  59   1        P0 = REG2[y];
  60   1      }
  61          
  62          //八个数码管显示0~7
  63          void seg()
  64          {
  65   1          int i = 0;
  66   1          for(i;i<=7;i++)
  67   1          {
  68   2            display(i,i);
  69   2            Delay(1);
  70   2          }
  71   1      }
  72          
  73          //一个数码管显示10s正计时
  74          void seg1()
  75          {
  76   1          int i = 0;
  77   1          for(i;i<=9;i++)
  78   1          {
  79   2            display(7,i);
  80   2            Delay(1000);
  81   2          }
  82   1      }
  83          
  84          
  85          //一个数码管显示10s倒计时
  86          void seg2()
  87          {
  88   1          int i = 9;
  89   1          for(i;i>=0;i--)
  90   1          {
  91   2            display(7,i);
  92   2            Delay(1000);
  93   2          }
  94   1      }
  95          
  96          
  97          //两个数码管显示60s倒计时
  98          //未实现
  99          void seg3()
 100          {
 101   1        display(7,9);
 102   1        Delay(20);
 103   1        display(6,5);
 104   1        Delay(20);
 105   1      }
 106          
 107          void main()
 108          {
 109   1      
 110   1        while(1)
 111   1        {
 112   2          seg3();
 113   2        }
 114   1      }
C51 COMPILER V9.60.0.0   MAIN                                                              06/12/2022 22:05:52 PAGE 3   

 115          
 116          


MODULE INFORMATION:   STATIC OVERLAYABLE
   CODE SIZE        =    240    ----
   CONSTANT SIZE    =   ----    ----
   XDATA SIZE       =   ----    ----
   PDATA SIZE       =   ----    ----
   DATA SIZE        =     96    ----
   IDATA SIZE       =   ----    ----
   BIT SIZE         =   ----    ----
END OF MODULE INFORMATION.


C51 COMPILATION COMPLETE.  0 WARNING(S),  0 ERROR(S)
