C51 COMPILER V9.60.0.0   MAIN                                                              06/14/2022 12:40:18 PAGE 1   


C51 COMPILER V9.60.0.0, COMPILATION OF MODULE MAIN
OBJECT MODULE PLACED IN .\Objects\main.obj
COMPILER INVOKED BY: D:\Keil_v5\C51\BIN\C51.EXE main.c OPTIMIZE(8,SPEED) BROWSE INCDIR(.\USER\timer;.\USER\key;.\USER\De
                    -lay;.\USER\LCD1602) DEBUG OBJECTEXTEND PRINT(.\Listings\main.lst) TABS(2) OBJECT(.\Objects\main.obj)

line level    source

   1          #include <REGX52.H>
   2          #include "timer.h"
   3          #include "key.h"
   4          #include "INTRINS.h"
   5          #include "LCD1602.h"
   6          
   7          
   8          unsigned int keynum;
   9          unsigned int LEDMODE = 0;
  10          static unsigned int miao = 57;
  11          static unsigned int fen = 59;
  12          static unsigned int shi = 23;
  13          
  14          void main()
  15          {
  16   1        Timer0_Init();
  17   1        P2 = 0x01;
  18   1        LCD_Init();
  19   1        
  20   1        while(1)
  21   1        {
  22   2          if(miao == 60)
  23   2            {
  24   3              miao = 0;
  25   3              fen++;
  26   3              if(fen == 60)
  27   3              {
  28   4                fen = 0;
  29   4                shi++;
  30   4                if(shi == 24)
  31   4                {
  32   5                  shi = 0;
  33   5                }
  34   4              }
  35   3            }
  36   2          LCD_ShowNum(1,1,shi,2);
  37   2          LCD_ShowString(1,3,":");
  38   2          LCD_ShowNum(1,4,fen,2);
  39   2          LCD_ShowString(1,6,":");
  40   2          LCD_ShowNum(1,7,miao,2);
  41   2        }
  42   1      }
  43          
  44          
  45          void Time0_Routine()interrupt 1
  46          {
  47   1          static unsigned int count = 0;
  48   1          
  49   1      //  赋初值否则只有一次是1微秒，其他为65微秒
  50   1          TL0 = 0x18;
  51   1          TH0 = 0xFC;
  52   1          count++;
  53   1          if(count == 1000)
  54   1          {
C51 COMPILER V9.60.0.0   MAIN                                                              06/14/2022 12:40:18 PAGE 2   

  55   2            count = 0;
  56   2            miao++;
  57   2                  
  58   2          }
  59   1      }
  60          
  61          


MODULE INFORMATION:   STATIC OVERLAYABLE
   CODE SIZE        =    172    ----
   CONSTANT SIZE    =      2    ----
   XDATA SIZE       =   ----    ----
   PDATA SIZE       =   ----    ----
   DATA SIZE        =     12    ----
   IDATA SIZE       =   ----    ----
   BIT SIZE         =   ----    ----
END OF MODULE INFORMATION.


C51 COMPILATION COMPLETE.  0 WARNING(S),  0 ERROR(S)
