C51 COMPILER V9.60.0.0   BUZZER                                                            06/18/2022 23:08:02 PAGE 1   


C51 COMPILER V9.60.0.0, COMPILATION OF MODULE BUZZER
OBJECT MODULE PLACED IN .\Objects\buzzer.obj
COMPILER INVOKED BY: D:\Keil_v5\C51\BIN\C51.EXE USER\buzzer\buzzer.c OPTIMIZE(8,SPEED) BROWSE INCDIR(.\USER\timer;.\USER
                    -\key;.\USER\Delay;.\USER\LCD1602;.\USER\uart;.\USER\buzzer) DEBUG OBJECTEXTEND PRINT(.\Listings\buzzer.lst) TABS(2) OBJE
                    -CT(.\Objects\buzzer.obj)

line level    source

   1          #include "buzzer.h"
   2          #include "Delay.h"
   3          #include <REGX52.H>
   4          #include "INTRINS.h"
   5          
   6          sbit SOUNDER = P2^1;
   7          
   8          void sounder_Delay500us()   //@11.0592MHz
   9          {
  10   1        unsigned char i;
  11   1      
  12   1        _nop_();
  13   1        i = 227;
  14   1        while (--i);
  15   1      }
  16          
  17          
  18          void sounder_time(unsigned int ms)
  19          {
  20   1        unsigned int i;
  21   1        for(i = 0;i < ms;i++)
  22   1        {
  23   2          SOUNDER = ~SOUNDER;
  24   2          Delay(1);
  25   2        }
  26   1      }
  27          


MODULE INFORMATION:   STATIC OVERLAYABLE
   CODE SIZE        =     46    ----
   CONSTANT SIZE    =   ----    ----
   XDATA SIZE       =   ----    ----
   PDATA SIZE       =   ----    ----
   DATA SIZE        =   ----       4
   IDATA SIZE       =   ----    ----
   BIT SIZE         =   ----    ----
END OF MODULE INFORMATION.


C51 COMPILATION COMPLETE.  0 WARNING(S),  0 ERROR(S)
