C51 COMPILER V9.60.0.0   MAIN                                                              06/18/2022 23:08:01 PAGE 1   


C51 COMPILER V9.60.0.0, COMPILATION OF MODULE MAIN
OBJECT MODULE PLACED IN .\Objects\main.obj
COMPILER INVOKED BY: D:\Keil_v5\C51\BIN\C51.EXE main.c OPTIMIZE(8,SPEED) BROWSE INCDIR(.\USER\timer;.\USER\key;.\USER\De
                    -lay;.\USER\LCD1602;.\USER\uart;.\USER\buzzer) DEBUG OBJECTEXTEND PRINT(.\Listings\main.lst) TABS(2) OBJECT(.\Objects\mai
                    -n.obj)

line level    source

   1          #include <REGX52.H>
   2          #include "INTRINS.h"
   3          #include "LCD1602.h"
   4          #include "delay.h"
   5          #include "uart.h"
   6          #include "key.h"
   7          #include "timer.h"
   8          #include "buzzer.h"
   9          
  10          
  11          
  12          
  13          
  14          unsigned int keynum;
  15          
  16          void main()
  17          {
  18   1        uart_init();
  19   1        Timer0_Init();
  20   1        while(1)
  21   1        {
  22   2            keynum = key();
  23   2            if(keynum == 1)
  24   2            {
  25   3              uart_sendbyte(0x01);
  26   3              sounder_time(1000);
  27   3            }
  28   2            if(keynum == 2)
  29   2            {
  30   3              uart_sendbyte(0x02);
  31   3              sounder_time(500);
  32   3            }
  33   2            if(keynum == 3)
  34   2            {
  35   3              uart_sendbyte(0x03);
  36   3      
  37   3            }
  38   2            if(keynum == 4)
  39   2            {
  40   3              uart_sendbyte(0x04);
  41   3      
  42   3            }
  43   2      
  44   2        }
  45   1      }
  46          
  47          
  48          void Time0_Routine()interrupt 1
  49          {
  50   1          static unsigned int count = 0;
  51   1      //  赋初值否则只有一次是1微秒，其他为65微秒
  52   1          TL0 = 0x18;
  53   1          TH0 = 0xFC;
C51 COMPILER V9.60.0.0   MAIN                                                              06/18/2022 23:08:01 PAGE 2   

  54   1          count++;
  55   1          if(count == 1000)
  56   1          {
  57   2            
  58   2            count = 0;
  59   2          }
  60   1      }
  61          
  62          
  63          
  64          


MODULE INFORMATION:   STATIC OVERLAYABLE
   CODE SIZE        =    118    ----
   CONSTANT SIZE    =   ----    ----
   XDATA SIZE       =   ----    ----
   PDATA SIZE       =   ----    ----
   DATA SIZE        =      4    ----
   IDATA SIZE       =   ----    ----
   BIT SIZE         =   ----    ----
END OF MODULE INFORMATION.


C51 COMPILATION COMPLETE.  0 WARNING(S),  0 ERROR(S)
