C51 COMPILER V9.60.0.0   MAIN                                                              06/18/2022 22:03:33 PAGE 1   


C51 COMPILER V9.60.0.0, COMPILATION OF MODULE MAIN
OBJECT MODULE PLACED IN .\Objects\main.obj
COMPILER INVOKED BY: D:\Keil_v5\C51\BIN\C51.EXE main.c OPTIMIZE(8,SPEED) BROWSE INCDIR(.\USER\timer;.\USER\key;.\USER\De
                    -lay;.\USER\LCD1602;.\USER\uart) DEBUG OBJECTEXTEND PRINT(.\Listings\main.lst) TABS(2) OBJECT(.\Objects\main.obj)

line level    source

   1          #include <REGX52.H>
   2          #include "INTRINS.h"
   3          #include "LCD1602.h"
   4          #include "delay.h"
   5          #include "uart.h"
   6          #include "key.h"
   7          #include "timer.h"
   8          
   9          
  10          sbit SOUNDER = P2^1;
  11          
  12          
  13          
  14          unsigned int keynum;
  15          
  16          void main()
  17          {
  18   1        uart_init();
  19   1        Timer0_Init();
  20   1        uart_sendbyte(0x04);
  21   1        while(1)
  22   1        {
  23   2            keynum = key();
  24   2            if(keynum == 1)
  25   2            {
  26   3              uart_sendbyte(0x01);
  27   3        
  28   3            }
  29   2            if(keynum == 2)
  30   2            {
  31   3              uart_sendbyte(0x02);
  32   3      
  33   3            }
  34   2            if(keynum == 3)
  35   2            {
  36   3              uart_sendbyte(0x03);
  37   3      
  38   3            }
  39   2            if(keynum == 4)
  40   2            {
  41   3              uart_sendbyte(0x04);
  42   3      
  43   3            }
  44   2      
  45   2        }
  46   1      }
  47          
  48          
  49          void Time0_Routine()interrupt 1
  50          {
  51   1          static unsigned int count = 0;
  52   1      //  赋初值否则只有一次是1微秒，其他为65微秒
  53   1          TL0 = 0x18;
  54   1          TH0 = 0xFC;
C51 COMPILER V9.60.0.0   MAIN                                                              06/18/2022 22:03:33 PAGE 2   

  55   1          count++;
  56   1          if(count == 1000)
  57   1          {
  58   2            
  59   2            count = 0;
  60   2          }
  61   1      }
  62          
  63          
  64          
  65          


MODULE INFORMATION:   STATIC OVERLAYABLE
   CODE SIZE        =    109    ----
   CONSTANT SIZE    =   ----    ----
   XDATA SIZE       =   ----    ----
   PDATA SIZE       =   ----    ----
   DATA SIZE        =      4    ----
   IDATA SIZE       =   ----    ----
   BIT SIZE         =   ----    ----
END OF MODULE INFORMATION.


C51 COMPILATION COMPLETE.  0 WARNING(S),  0 ERROR(S)
