C51 COMPILER V9.60.0.0   UART                                                              06/18/2022 22:03:34 PAGE 1   


C51 COMPILER V9.60.0.0, COMPILATION OF MODULE UART
OBJECT MODULE PLACED IN .\Objects\uart.obj
COMPILER INVOKED BY: D:\Keil_v5\C51\BIN\C51.EXE USER\uart\uart.c OPTIMIZE(8,SPEED) BROWSE INCDIR(.\USER\timer;.\USER\key
                    -;.\USER\Delay;.\USER\LCD1602;.\USER\uart) DEBUG OBJECTEXTEND PRINT(.\Listings\uart.lst) TABS(2) OBJECT(.\Objects\uart.ob
                    -j)

line level    source

   1          #include "uart.h"
   2          #include <REGX52.H>
   3          
   4          
   5          
   6          /**
   7            * @brief  串口初始化
   8            * @param  无
   9            * @retval 无
  10          */
  11          
  12          
  13          void uart_init()
  14          {
  15   1        SCON = 0x50;
  16   1        PCON = PCON & 0x80;
  17   1        TMOD = TMOD & 0x0F;
  18   1        TMOD = TMOD | 0x20;
  19   1        TF1 = 0;
  20   1        TR1 = 1;
  21   1      //  波特率9600、时钟11.05926MHz
  22   1        TL1 = 0xFD;
  23   1        TH1 = 0xFD;
  24   1        ET1 = 0;
  25   1        ES = 1;
  26   1        EA = 1;
  27   1      }
  28          
  29          
  30          /**
  31            * @brief  向串口发送一个字节数据
  32            * @param  byte：发送的数据
  33            * @retval 无
  34          */
  35          
  36          
  37          void uart_sendbyte(unsigned char byte)
  38          {
  39   1        SBUF = byte;
  40   1        while(TI == 0);
  41   1        TI = 0;
  42   1      }
  43          
  44          
  45          /**
  46            * @brief  串口中断函数模板
  47            * @param  无
  48            * @retval 无
  49          */
  50          
  51          
  52          //void uart_routine(void) interrupt 4
  53          //{
C51 COMPILER V9.60.0.0   UART                                                              06/18/2022 22:03:34 PAGE 2   

  54          //  if(RI == 1)
  55          //  {
  56          //    
  57          ////    清除标志位
  58          //    RI = 0;
  59          //  }
  60          //}
  61          


MODULE INFORMATION:   STATIC OVERLAYABLE
   CODE SIZE        =     37    ----
   CONSTANT SIZE    =   ----    ----
   XDATA SIZE       =   ----    ----
   PDATA SIZE       =   ----    ----
   DATA SIZE        =   ----    ----
   IDATA SIZE       =   ----    ----
   BIT SIZE         =   ----    ----
END OF MODULE INFORMATION.


C51 COMPILATION COMPLETE.  0 WARNING(S),  0 ERROR(S)
