C51 COMPILER V9.60.0.0   MAIN                                                              06/12/2022 15:01:44 PAGE 1   


C51 COMPILER V9.60.0.0, COMPILATION OF MODULE MAIN
OBJECT MODULE PLACED IN .\Objects\main.obj
COMPILER INVOKED BY: D:\Keil_v5\C51\BIN\C51.EXE main.c OPTIMIZE(8,SPEED) BROWSE DEBUG OBJECTEXTEND PRINT(.\Listings\main
                    -.lst) TABS(2) OBJECT(.\Objects\main.obj)

line level    source

   1          #include <REGX51.H>
   2          #include <intrins.h>
   3          
   4          sbit LED0 = P2^0;
   5          sbit LED1 = P2^1;
   6          sbit LED2 = P2^2;
   7          sbit LED3 = P2^3;
   8          sbit LED4 = P2^4;
   9          sbit LED5 = P2^5;
  10          sbit LED6 = P2^6;
  11          sbit LED7 = P2^7;
  12          
  13          
  14          sbit key1 = P3^0;
  15          
  16          
  17          const unsigned int LED[8] = {0x01,0x02,0x04,0x08,0x10,0x20,0x40,0x80};
  18          
  19          
  20          
  21          void Delay1ms(unsigned int xms)   //@12.000MHz
  22          {
  23   1        unsigned char i, j;
  24   1      
  25   1        while(xms--)
  26   1        {
  27   2              i = 2;
  28   2              j = 239;
  29   2              do
  30   2              {
  31   3                while (--j);
  32   3              } while (--i);
  33   2        }
  34   1      }
  35          
  36          
  37          
  38          
  39          void main()
  40          {
  41   1      
  42   1        P2 = 0x00;
  43   1        while(1)
  44   1        {
  45   2          if(key1 == 0)
  46   2          {
  47   3            P2 = 0x01;
  48   3          } 
  49   2            else
  50   2            {
  51   3            P2 = 0x00;
  52   3            }
  53   2        }
  54   1      }
C51 COMPILER V9.60.0.0   MAIN                                                              06/12/2022 15:01:44 PAGE 2   

  55          
  56          


MODULE INFORMATION:   STATIC OVERLAYABLE
   CODE SIZE        =     37    ----
   CONSTANT SIZE    =   ----    ----
   XDATA SIZE       =   ----    ----
   PDATA SIZE       =   ----    ----
   DATA SIZE        =     16    ----
   IDATA SIZE       =   ----    ----
   BIT SIZE         =   ----    ----
END OF MODULE INFORMATION.


C51 COMPILATION COMPLETE.  0 WARNING(S),  0 ERROR(S)
