C51 COMPILER V9.60.0.0   MAIN                                                              06/18/2022 01:07:57 PAGE 1   


C51 COMPILER V9.60.0.0, COMPILATION OF MODULE MAIN
OBJECT MODULE PLACED IN .\Objects\main.obj
COMPILER INVOKED BY: D:\Keil_v5\C51\BIN\C51.EXE main.c OPTIMIZE(8,SPEED) BROWSE INCDIR(.\USER\timer;.\USER\key;.\USER\De
                    -lay;.\USER\LCD1602;.\USER\uart;.\USER\LED8_8) DEBUG OBJECTEXTEND PRINT(.\Listings\main.lst) TABS(2) OBJECT(.\Objects\mai
                    -n.obj)

line level    source

   1          #include <REGX52.H>
   2          #include "INTRINS.h"
   3          #include "LCD1602.h"
   4          #include "uart.h"
   5          #include "delay.h"
   6          #include "LED8_8.h"
   7          
   8          
   9          
  10          unsigned char code Data[] = {
  11            0x80,0x80,0x80,0x00,0x00,0x00,0x00,0x00,
  12            0x00,0x80,0x80,0x80,0x00,0x00,0x00,0x00,
  13            0x00,0x00,0x80,0xC0,0x00,0x00,0x00,0x00,
  14            0x00,0x00,0x00,0xE0,0x00,0x00,0x00,0x00,
  15            0x00,0x00,0x00,0x70,0x00,0x00,0x00,0x00,
  16          };
  17          
  18          
  19          
  20          
  21          
  22          void main()
  23          {
  24   1        unsigned int offset = 0;
  25   1        _74HC595_init();
  26   1        while(1)
  27   1        {
  28   2          unsigned int i = 0;
  29   2          for(i;i < 8;i++)
  30   2          {
  31   3            LED8_8_show(i,Data[i + offset]);
  32   3          }
  33   2          offset += 8;
  34   2          Delay(200);
  35   2          if(offset > 32)
  36   2            offset = 0;
  37   2        }
  38   1      }
  39          
  40          
  41          
  42          
  43          
  44          
  45          


MODULE INFORMATION:   STATIC OVERLAYABLE
   CODE SIZE        =     96    ----
   CONSTANT SIZE    =     40    ----
   XDATA SIZE       =   ----    ----
   PDATA SIZE       =   ----    ----
   DATA SIZE        =   ----       4
C51 COMPILER V9.60.0.0   MAIN                                                              06/18/2022 01:07:57 PAGE 2   

   IDATA SIZE       =   ----    ----
   BIT SIZE         =   ----    ----
END OF MODULE INFORMATION.


C51 COMPILATION COMPLETE.  0 WARNING(S),  0 ERROR(S)
