C51 COMPILER V9.60.0.0   MAIN                                                              06/12/2022 12:10:50 PAGE 1   


C51 COMPILER V9.60.0.0, COMPILATION OF MODULE MAIN
OBJECT MODULE PLACED IN .\Objects\main.obj
COMPILER INVOKED BY: D:\Keil_v5\C51\BIN\C51.EXE main.c OPTIMIZE(8,SPEED) BROWSE DEBUG OBJECTEXTEND PRINT(.\Listings\main
                    -.lst) TABS(2) OBJECT(.\Objects\main.obj)

line level    source

   1          #include <REGX51.H>
   2          #include <intrins.h>
   3          
   4          sbit LED0 = P2^0;
   5          sbit LED1 = P2^1;
   6          sbit LED2 = P2^2;
   7          sbit LED3 = P2^3;
   8          sbit LED4 = P2^4;
   9          sbit LED5 = P2^5;
  10          sbit LED6 = P2^6;
  11          sbit LED7 = P2^7;
  12          
  13          
  14          void Delay500ms();    //@12.000MHz
  15          void flashing();
  16          void RunningWaterLight();
  17          
  18          void Delay1ms(unsigned int xms)   //@12.000MHz
  19          {
  20   1        unsigned char i, j;
  21   1      
  22   1        while(xms--)
  23   1        {
  24   2              i = 2;
  25   2              j = 239;
  26   2              do
  27   2              {
  28   3                while (--j);
  29   3              } while (--i);
  30   2        }
  31   1      }
  32          
  33          
  34          
  35          
  36          void main()
  37          {
  38   1      
  39   1        P2 = 0x00;
  40   1        while(1)
  41   1        {
  42   2           P2 = 0x01;
  43   2          Delay1ms(500);  
  44   2          P2 = 0x02;
  45   2          Delay1ms(500);  
  46   2        }
  47   1      }
  48          
  49          
  50          void RunningWaterLight()
  51          {
  52   1        P2 = 0x01;
  53   1        Delay500ms(); 
  54   1        P2 = 0x02;
C51 COMPILER V9.60.0.0   MAIN                                                              06/12/2022 12:10:50 PAGE 2   

  55   1        Delay500ms(); 
  56   1        P2 = 0x04;
  57   1        Delay500ms(); 
  58   1        P2 = 0x08;
  59   1        Delay500ms(); 
  60   1        P2 = 0x10;
  61   1        Delay500ms(); 
  62   1        P2 = 0x20;
  63   1        Delay500ms(); 
  64   1        P2 = 0x40;
  65   1        Delay500ms(); 
  66   1        P2 = 0x80;
  67   1        Delay500ms(); 
  68   1      }
  69          
  70          
  71          void flashing()
  72          {
  73   1          P2 = 0x01;
  74   1          Delay500ms(); 
  75   1          P2 = 0x00;
  76   1          Delay500ms(); 
  77   1      }
  78          
  79          
  80          void Delay500ms()   //@12.000MHz
  81          {
  82   1        unsigned char i, j, k;
  83   1      
  84   1        _nop_();
  85   1        i = 4;
  86   1        j = 205;
  87   1        k = 187;
  88   1        do
  89   1        {
  90   2          do
  91   2          {
  92   3            while (--k);
  93   3          } while (--j);
  94   2        } while (--i);
  95   1      }


MODULE INFORMATION:   STATIC OVERLAYABLE
   CODE SIZE        =    120    ----
   CONSTANT SIZE    =   ----    ----
   XDATA SIZE       =   ----    ----
   PDATA SIZE       =   ----    ----
   DATA SIZE        =   ----    ----
   IDATA SIZE       =   ----    ----
   BIT SIZE         =   ----    ----
END OF MODULE INFORMATION.


C51 COMPILATION COMPLETE.  0 WARNING(S),  0 ERROR(S)
