C51 COMPILER V9.60.0.0   MAIN                                                              06/12/2022 19:45:23 PAGE 1   


C51 COMPILER V9.60.0.0, COMPILATION OF MODULE MAIN
OBJECT MODULE PLACED IN .\Objects\main.obj
COMPILER INVOKED BY: D:\Keil_v5\C51\BIN\C51.EXE main.c OPTIMIZE(8,SPEED) BROWSE DEBUG OBJECTEXTEND PRINT(.\Listings\main
                    -.lst) TABS(2) OBJECT(.\Objects\main.obj)

line level    source

   1          #include <REGX51.H>
   2          #include <intrins.h>
   3          
   4          sbit LED0 = P2^0;
   5          sbit LED1 = P2^1;
   6          sbit LED2 = P2^2;
   7          sbit LED3 = P2^3;
   8          sbit LED4 = P2^4;
   9          sbit LED5 = P2^5;
  10          sbit LED6 = P2^6;
  11          sbit LED7 = P2^7;
  12          
  13          
  14          sbit key1 = P3^0;
  15          
  16          
  17          const unsigned int LED[8] = {0x01,0x02,0x04,0x08,0x10,0x20,0x40,0x80};
  18          const unsigned int REG[16] = {0xc0,0xF9,0xA4,0xB0,0x99,0x92,0x82,0xF8,0x80,0x90,0x77,0x7c,0x39,0x5E,0x79,0
             -x71};
  19          
  20          
  21          
  22          void Delay(unsigned int xms)    //@12.000MHz
  23          {
  24   1        unsigned char i, j;
  25   1      
  26   1        while(xms--)
  27   1        {
  28   2              i = 2;
  29   2              j = 239;
  30   2              do
  31   2              {
  32   3                while (--j);
  33   3              } while (--i);
  34   2        }
  35   1      }
  36          
  37          
  38          
  39          
  40          void main()
  41          {
  42   1      
  43   1        while(1)
  44   1        {
  45   2          int i = 0;
  46   2          P2 = 0x80;
  47   2          for(i;i<=9;i++)
  48   2          {
  49   3            P0 = REG[i];
  50   3            Delay(500);
  51   3          }
  52   2      
  53   2        }
C51 COMPILER V9.60.0.0   MAIN                                                              06/12/2022 19:45:23 PAGE 2   

  54   1      }
  55          
  56          


MODULE INFORMATION:   STATIC OVERLAYABLE
   CODE SIZE        =     68    ----
   CONSTANT SIZE    =   ----    ----
   XDATA SIZE       =   ----    ----
   PDATA SIZE       =   ----    ----
   DATA SIZE        =     48       2
   IDATA SIZE       =   ----    ----
   BIT SIZE         =   ----    ----
END OF MODULE INFORMATION.


C51 COMPILATION COMPLETE.  0 WARNING(S),  0 ERROR(S)
