C51 COMPILER V9.60.0.0   MAIN                                                              06/17/2022 23:06:07 PAGE 1   


C51 COMPILER V9.60.0.0, COMPILATION OF MODULE MAIN
OBJECT MODULE PLACED IN .\Objects\main.obj
COMPILER INVOKED BY: D:\Keil_v5\C51\BIN\C51.EXE main.c OPTIMIZE(8,SPEED) BROWSE INCDIR(.\USER\timer;.\USER\key;.\USER\De
                    -lay;.\USER\LCD1602;.\USER\uart) DEBUG OBJECTEXTEND PRINT(.\Listings\main.lst) TABS(2) OBJECT(.\Objects\main.obj)

line level    source

   1          #include <REGX52.H>
   2          #include "INTRINS.h"
   3          #include "LCD1602.h"
   4          #include "uart.h"
   5          #include <delay.h>
   6          
   7          sbit SH = P2^0;   //输入时钟
   8          sbit DS = P2^1;   //输入数据
   9          sbit ST = P2^2;   //输出锁存
  10          
  11          void _74HC595_writeByte(unsigned char byte)
  12          {
  13   1        unsigned int i = 0;
  14   1        for(i;i < 8;i++)
  15   1        {
  16   2          DS = byte&(0x80 >> i);
  17   2          SH = 1;
  18   2          SH = 0;
  19   2        }
  20   1        ST = 1;
  21   1        ST = 0;
  22   1      }
  23          
  24          void LED8_8_show(unsigned char col,Data)
  25          {
  26   1          P1 = Data;
  27   1        _74HC595_writeByte(0x80>>col);
  28   1      }
  29          
  30          void main()
  31          {
  32   1        SH = 0;
  33   1        ST = 0;
  34   1        P1 = 0;
  35   1        while(1)
  36   1        {
  37   2          unsigned int i = 0;
  38   2          for(i;i < 8;i++)
  39   2          {
  40   3            LED8_8_show(i,0xF0);
  41   3            Delay(500);
  42   3          }
  43   2        }
  44   1      }
  45          
  46          
  47          
  48          
  49          
  50          
  51          


MODULE INFORMATION:   STATIC OVERLAYABLE
C51 COMPILER V9.60.0.0   MAIN                                                              06/17/2022 23:06:07 PAGE 2   

   CODE SIZE        =    117    ----
   CONSTANT SIZE    =   ----    ----
   XDATA SIZE       =   ----    ----
   PDATA SIZE       =   ----    ----
   DATA SIZE        =   ----       2
   IDATA SIZE       =   ----    ----
   BIT SIZE         =   ----    ----
END OF MODULE INFORMATION.


C51 COMPILATION COMPLETE.  0 WARNING(S),  0 ERROR(S)
