C51 COMPILER V9.60.0.0   MAIN                                                              06/18/2022 00:49:34 PAGE 1   


C51 COMPILER V9.60.0.0, COMPILATION OF MODULE MAIN
OBJECT MODULE PLACED IN .\Objects\main.obj
COMPILER INVOKED BY: D:\Keil_v5\C51\BIN\C51.EXE main.c OPTIMIZE(8,SPEED) BROWSE INCDIR(.\USER\timer;.\USER\key;.\USER\De
                    -lay;.\USER\LCD1602;.\USER\uart;.\USER\LED8_8) DEBUG OBJECTEXTEND PRINT(.\Listings\main.lst) TABS(2) OBJECT(.\Objects\mai
                    -n.obj)

line level    source

   1          #include <REGX52.H>
   2          #include "INTRINS.h"
   3          #include "LCD1602.h"
   4          #include "uart.h"
   5          #include "delay.h"
   6          #include "LED8_8.h"
   7          
   8          
   9          
  10          unsigned char Data[40] = {
  11          0x00,0x00,0x00,0x00,0x00,0x00,0x00,0x00,
  12          0xFF,0x08,0x08,0x08,0xFF,0x00,0xFF,0x89,0x89,0x89,0x00,0xFF,0x01,0x01,0x01,0x00,
  13          0xFF,0x01,0x01,0x01,0x00,0x00,0x00,0x00,0x00,0x00,0x00,0x00,0x00,0x00,0x00,0x00,
  14          };
  15          
  16          
  17          void hello(unsigned int offset)
  18          {
  19   1        unsigned int i = 0;
  20   1        for(i;i < 8;i++)
  21   1        {
  22   2          LED8_8_show(i,Data[i + offset]);
  23   2        }
  24   1      }
  25          
  26          
  27          void _2()
  28          {
  29   1        LED8_8_show(0,0x9F);
  30   1        LED8_8_show(1,0x91);
  31   1        LED8_8_show(2,0x91);
  32   1        LED8_8_show(3,0x91);
  33   1        LED8_8_show(4,0x91);
  34   1        LED8_8_show(5,0x91);
  35   1        LED8_8_show(6,0x91);
  36   1        LED8_8_show(7,0xF1);
  37   1      }
  38          
  39          
  40          
  41          void _1()
  42          {
  43   1        LED8_8_show(0,0x00);
  44   1        LED8_8_show(1,0x00);
  45   1        LED8_8_show(2,0x00);
  46   1        LED8_8_show(3,0x00);
  47   1        LED8_8_show(4,0x00);
  48   1        LED8_8_show(5,0x00);
  49   1        LED8_8_show(6,0x00);
  50   1        LED8_8_show(7,0xFF);
  51   1      }
  52          
  53          
C51 COMPILER V9.60.0.0   MAIN                                                              06/18/2022 00:49:34 PAGE 2   

  54          
  55          void main()
  56          {
  57   1        unsigned int offset = 0;
  58   1        _74HC595_init();
  59   1        while(1)
  60   1        {
  61   2          hello(offset);
  62   2          offset++;
  63   2          Delay(75);
  64   2          if(offset > 40)
  65   2            offset = 0;
  66   2        }
  67   1      }
  68          
  69          
  70          
  71          
  72          
  73          
  74          


MODULE INFORMATION:   STATIC OVERLAYABLE
   CODE SIZE        =    226    ----
   CONSTANT SIZE    =   ----    ----
   XDATA SIZE       =   ----    ----
   PDATA SIZE       =   ----    ----
   DATA SIZE        =     40       6
   IDATA SIZE       =   ----    ----
   BIT SIZE         =   ----    ----
END OF MODULE INFORMATION.


C51 COMPILATION COMPLETE.  0 WARNING(S),  0 ERROR(S)
