C51 COMPILER V9.60.0.0   MAIN                                                              06/14/2022 01:18:10 PAGE 1   


C51 COMPILER V9.60.0.0, COMPILATION OF MODULE MAIN
OBJECT MODULE PLACED IN .\Objects\main.obj
COMPILER INVOKED BY: D:\Keil_v5\C51\BIN\C51.EXE main.c OPTIMIZE(8,SPEED) BROWSE DEBUG OBJECTEXTEND PRINT(.\Listings\main
                    -.lst) TABS(2) OBJECT(.\Objects\main.obj)

line level    source

   1          #include <REGX52.H>
   2          
   3          
   4          
   5          
   6          void Timer0_Init()
   7          {
   8   1        TMOD = TMOD & 0xF0;
   9   1        TMOD = TMOD | 0x01;
  10   1        TF0 = 0;
  11   1        TR0 = 1;
  12   1        TL0 = 0x17;
  13   1        TH0 = 0xFC;
  14   1        ET0 = 1;
  15   1        EA = 1;
  16   1        PT0 = 0;
  17   1      }
  18          
  19          
  20          
  21          void main()
  22          {
  23   1        Timer0_Init();
  24   1      
  25   1        while(1)
  26   1        {
  27   2          
  28   2        }
  29   1      }
  30          
  31          
  32          unsigned int count;
  33          void Time0_Routine()interrupt 1
  34          {
  35   1          TL0 = 0x17;
  36   1          TH0 = 0xFC;
  37   1          count++;
  38   1          if(count == 1000)
  39   1          {
  40   2            P2 = ~P2;
  41   2            count = 0;
  42   2          }
  43   1      }


MODULE INFORMATION:   STATIC OVERLAYABLE
   CODE SIZE        =     68    ----
   CONSTANT SIZE    =   ----    ----
   XDATA SIZE       =   ----    ----
   PDATA SIZE       =   ----    ----
   DATA SIZE        =      2    ----
   IDATA SIZE       =   ----    ----
   BIT SIZE         =   ----    ----
END OF MODULE INFORMATION.

C51 COMPILER V9.60.0.0   MAIN                                                              06/14/2022 01:18:10 PAGE 2   


C51 COMPILATION COMPLETE.  0 WARNING(S),  0 ERROR(S)
