C51 COMPILER V9.60.0.0   MAIN                                                              06/12/2022 21:10:16 PAGE 1   


C51 COMPILER V9.60.0.0, COMPILATION OF MODULE MAIN
OBJECT MODULE PLACED IN .\Objects\main.obj
COMPILER INVOKED BY: D:\Keil_v5\C51\BIN\C51.EXE main.c OPTIMIZE(8,SPEED) BROWSE DEBUG OBJECTEXTEND PRINT(.\Listings\main
                    -.lst) TABS(2) OBJECT(.\Objects\main.obj)

line level    source

   1          #include <REGX51.H>
   2          #include <intrins.h>
   3          
   4          
   5          sbit LED0 = P2^0;
   6          sbit LED1 = P2^1;
   7          sbit LED2 = P2^2;
   8          sbit LED3 = P2^3;
   9          sbit LED4 = P2^4;
  10          sbit LED5 = P2^5;
  11          sbit LED6 = P2^6;
  12          sbit LED7 = P2^7;
  13          
  14          
  15          sbit key1 = P3^0;
  16          
  17          
  18          const unsigned int LED[8] = {0x01,0x02,0x04,0x08,0x10,0x20,0x40,0x80};
  19          //共阳极段选
  20          const unsigned int REG1[16] = {0xc0,0xF9,0xA4,0xB0,0x99,0x92,0x82,0xF8,0x80,0x90,0x88,0x83,0xC6,0xA1,0x86,
             -0x8E};
  21          //共阴极段选
  22          const unsigned int REG2[16] = {0x3F,0x06,0x5B,0x4F,0x66,0x6D,0x7D,0x07,0x7F,0x6F,0x77,0x7C,0x39,0x5E,0x79,
             -0x71};
  23          //位选
  24          const unsigned int REG3[8] = {0x00,0x01,0x02,0x03,0x04,0x05,0x06,0x07};
  25          
  26          //延时函数
  27          void Delay(unsigned int xms)    //@12.000MHz
  28          {
  29   1        unsigned char i, j;
  30   1      
  31   1        while(xms--)
  32   1        {
  33   2              i = 2;
  34   2              j = 239;
  35   2              do
  36   2              {
  37   3                while (--j);
  38   3              } while (--i);
  39   2        }
  40   1      }
  41          
  42          /*
  43          *无返回值
  44          *x表示位选，y表示段选
  45          */
  46          void display(int x,int y)
  47          {
  48   1        P2 = REG3[x];
  49   1        P0 = REG2[y];
  50   1      }
  51          
  52          
C51 COMPILER V9.60.0.0   MAIN                                                              06/12/2022 21:10:16 PAGE 2   

  53          void main()
  54          {
  55   1      
  56   1        while(1)
  57   1        {
  58   2          int i = 0;
  59   2          for(i;i<=7;i++)
  60   2          {
  61   3            display(i,i);
  62   3            Delay(1);
  63   3          }
  64   2        }
  65   1      }
  66          
  67          


MODULE INFORMATION:   STATIC OVERLAYABLE
   CODE SIZE        =     86    ----
   CONSTANT SIZE    =   ----    ----
   XDATA SIZE       =   ----    ----
   PDATA SIZE       =   ----    ----
   DATA SIZE        =     96       2
   IDATA SIZE       =   ----    ----
   BIT SIZE         =   ----    ----
END OF MODULE INFORMATION.


C51 COMPILATION COMPLETE.  0 WARNING(S),  0 ERROR(S)
