C51 COMPILER V9.60.0.0   KEY                                                               06/19/2022 00:04:31 PAGE 1   


C51 COMPILER V9.60.0.0, COMPILATION OF MODULE KEY
OBJECT MODULE PLACED IN .\Objects\key.obj
COMPILER INVOKED BY: D:\Keil_v5\C51\BIN\C51.EXE USER\key\key.c OPTIMIZE(8,SPEED) BROWSE INCDIR(.\USER\timer;.\USER\key;.
                    -\USER\Delay;.\USER\LCD1602;.\USER\uart;.\USER\buzzer) DEBUG OBJECTEXTEND PRINT(.\Listings\key.lst) TABS(2) OBJECT(.\Obje
                    -cts\key.obj)

line level    source

   1          #include "key.h"
   2          #include "Delay.h"
   3          #include <REGX52.H>
   4          
   5          /**
   6            * @brief  独立按键
   7            * @param  无
   8            * @retval 按键按下的键值
   9          */
  10          
  11          unsigned int key(void)
  12          {
  13   1        unsigned int keynum = 0;
  14   1        if(P3_2 == 0)
  15   1        {
  16   2          Delay(20);
  17   2          while(P3_2 == 0);
  18   2          Delay(20);
  19   2          keynum = 1;
  20   2        }
  21   1        if(P3_3 == 0)
  22   1        {
  23   2          Delay(20);
  24   2          while(P3_3 == 0);
  25   2          Delay(20);
  26   2          keynum = 2;
  27   2        }
  28   1        if(P3_4 == 0)
  29   1        {
  30   2          Delay(20);
  31   2          while(P3_4 == 0);
  32   2          Delay(20);
  33   2          keynum = 3;
  34   2        }
  35   1        if(P3_5 == 0)
  36   1        {
  37   2          Delay(20);
  38   2          while(P3_5 == 0);
  39   2          Delay(20);
  40   2          keynum = 4;
  41   2        }
  42   1        return keynum;
  43   1      }


MODULE INFORMATION:   STATIC OVERLAYABLE
   CODE SIZE        =    113    ----
   CONSTANT SIZE    =   ----    ----
   XDATA SIZE       =   ----    ----
   PDATA SIZE       =   ----    ----
   DATA SIZE        =   ----       2
   IDATA SIZE       =   ----    ----
   BIT SIZE         =   ----    ----
C51 COMPILER V9.60.0.0   KEY                                                               06/19/2022 00:04:31 PAGE 2   

END OF MODULE INFORMATION.


C51 COMPILATION COMPLETE.  0 WARNING(S),  0 ERROR(S)
