C51 COMPILER V9.60.0.0   MAIN                                                              06/14/2022 11:34:06 PAGE 1   


C51 COMPILER V9.60.0.0, COMPILATION OF MODULE MAIN
OBJECT MODULE PLACED IN .\Objects\main.obj
COMPILER INVOKED BY: D:\Keil_v5\C51\BIN\C51.EXE main.c OPTIMIZE(8,SPEED) BROWSE INCDIR(.\USER\timer;.\USER\key;.\USER\De
                    -lay) DEBUG OBJECTEXTEND PRINT(.\Listings\main.lst) TABS(2) OBJECT(.\Objects\main.obj)

line level    source

   1          #include <REGX52.H>
   2          #include "timer.h"
   3          #include "key.h"
   4          
   5          
   6          
   7          
   8          unsigned int keynum;
   9          unsigned int LEDMODE = 0;
  10          void main()
  11          {
  12   1        Timer0_Init();
  13   1        P2 = 0x01;
  14   1        
  15   1        while(1)
  16   1        {
  17   2          keynum = key();
  18   2          if(keynum)
  19   2          {
  20   3            if(keynum == 1)
  21   3            {
  22   4              P2 = 0x01;
  23   4              LEDMODE = 1;
  24   4            }
  25   3            if(keynum == 2)
  26   3            {
  27   4              P2 = 0x80;
  28   4              LEDMODE = 2;
  29   4            }
  30   3            if(keynum == 3)
  31   3            {
  32   4              
  33   4            }
  34   3            if(keynum == 4)
  35   3            {
  36   4              
  37   4            }
  38   3          }
  39   2        }
  40   1      }
  41          
  42          
  43          void Time0_Routine()interrupt 1
  44          {
  45   1          static unsigned int count = 0;
  46   1          static unsigned int i = 0;
  47   1      //  赋初值否则只有一次是1微秒，其他为65微秒
  48   1          TL0 = 0x18;
  49   1          TH0 = 0xFC;
  50   1          count++;
  51   1          if(count == 1000)
  52   1          {
  53   2            count = 0;
  54   2            if(LEDMODE == 1)
C51 COMPILER V9.60.0.0   MAIN                                                              06/14/2022 11:34:06 PAGE 2   

  55   2            {
  56   3              i++;
  57   3              P2 = P2 << 1;
  58   3              if(i >=8)
  59   3              {
  60   4                P2 = 0x01;
  61   4                i = 0;
  62   4              }
  63   3            }
  64   2            
  65   2            if(LEDMODE == 2)
  66   2            {
  67   3              i++;
  68   3              P2 = P2 >> 1;
  69   3              if(i >=8)
  70   3              {
  71   4                P2 = 0x80;
  72   4                i = 0;
  73   4              }
  74   3            }
  75   2            
  76   2          }
  77   1      }
  78          
  79          


MODULE INFORMATION:   STATIC OVERLAYABLE
   CODE SIZE        =    180    ----
   CONSTANT SIZE    =   ----    ----
   XDATA SIZE       =   ----    ----
   PDATA SIZE       =   ----    ----
   DATA SIZE        =      8    ----
   IDATA SIZE       =   ----    ----
   BIT SIZE         =   ----    ----
END OF MODULE INFORMATION.


C51 COMPILATION COMPLETE.  0 WARNING(S),  0 ERROR(S)
