C51 COMPILER V9.60.0.0   MAIN                                                              06/12/2022 12:18:54 PAGE 1   


C51 COMPILER V9.60.0.0, COMPILATION OF MODULE MAIN
OBJECT MODULE PLACED IN .\Objects\main.obj
COMPILER INVOKED BY: D:\Keil_v5\C51\BIN\C51.EXE main.c OPTIMIZE(8,SPEED) BROWSE DEBUG OBJECTEXTEND PRINT(.\Listings\main
                    -.lst) TABS(2) OBJECT(.\Objects\main.obj)

line level    source

   1          #include <REGX51.H>
   2          #include <intrins.h>
   3          
   4          sbit LED0 = P2^0;
   5          sbit LED1 = P2^1;
   6          sbit LED2 = P2^2;
   7          sbit LED3 = P2^3;
   8          sbit LED4 = P2^4;
   9          sbit LED5 = P2^5;
  10          sbit LED6 = P2^6;
  11          sbit LED7 = P2^7;
  12          
  13          
  14          const unsigned int LED[8] = {0x01,0x02,0x04,0x08,0x10,0x20,0x40,0x80};
  15          
  16          
  17          
  18          void Delay1ms(unsigned int xms)   //@12.000MHz
  19          {
  20   1        unsigned char i, j;
  21   1      
  22   1        while(xms--)
  23   1        {
  24   2              i = 2;
  25   2              j = 239;
  26   2              do
  27   2              {
  28   3                while (--j);
  29   3              } while (--i);
  30   2        }
  31   1      }
  32          
  33          
  34          
  35          
  36          void main()
  37          {
  38   1      
  39   1        P2 = 0x00;
  40   1        while(1)
  41   1        {
  42   2          int i;
  43   2          for( i = 0;i < 8;i++)
  44   2          {
  45   3            Delay1ms(500);  
  46   3            P2 = LED[i];
  47   3          }
  48   2          
  49   2        }
  50   1      }
  51          
  52          


C51 COMPILER V9.60.0.0   MAIN                                                              06/12/2022 12:18:54 PAGE 2   

MODULE INFORMATION:   STATIC OVERLAYABLE
   CODE SIZE        =     68    ----
   CONSTANT SIZE    =   ----    ----
   XDATA SIZE       =   ----    ----
   PDATA SIZE       =   ----    ----
   DATA SIZE        =     16       2
   IDATA SIZE       =   ----    ----
   BIT SIZE         =   ----    ----
END OF MODULE INFORMATION.


C51 COMPILATION COMPLETE.  0 WARNING(S),  0 ERROR(S)
