C51 COMPILER V9.60.0.0   MAIN                                                              06/14/2022 18:54:08 PAGE 1   


C51 COMPILER V9.60.0.0, COMPILATION OF MODULE MAIN
OBJECT MODULE PLACED IN .\Objects\main.obj
COMPILER INVOKED BY: D:\Keil_v5\C51\BIN\C51.EXE main.c OPTIMIZE(8,SPEED) BROWSE INCDIR(.\USER\timer;.\USER\key;.\USER\De
                    -lay;.\USER\LCD1602;.\USER\uart) DEBUG OBJECTEXTEND PRINT(.\Listings\main.lst) TABS(2) OBJECT(.\Objects\main.obj)

line level    source

   1          #include <REGX52.H>
   2          #include "INTRINS.h"
   3          #include "LCD1602.h"
   4          #include "uart.h"
   5          #include <delay.h>
   6          
   7          unsigned int num = 0;
   8          
   9          void main()
  10          {
  11   1        uart_init();
  12   1        while(1)
  13   1        {
  14   2          uart_sendbyte(23);
  15   2          num++;
  16   2          Delay(1000);
  17   2      
  18   2        }
  19   1      }
  20          
  21          
  22          
  23          


MODULE INFORMATION:   STATIC OVERLAYABLE
   CODE SIZE        =     25    ----
   CONSTANT SIZE    =   ----    ----
   XDATA SIZE       =   ----    ----
   PDATA SIZE       =   ----    ----
   DATA SIZE        =      2    ----
   IDATA SIZE       =   ----    ----
   BIT SIZE         =   ----    ----
END OF MODULE INFORMATION.


C51 COMPILATION COMPLETE.  0 WARNING(S),  0 ERROR(S)
