C51 COMPILER V9.60.0.0   UART                                                              06/14/2022 18:54:09 PAGE 1   


C51 COMPILER V9.60.0.0, COMPILATION OF MODULE UART
OBJECT MODULE PLACED IN .\Objects\uart.obj
COMPILER INVOKED BY: D:\Keil_v5\C51\BIN\C51.EXE USER\uart\uart.c OPTIMIZE(8,SPEED) BROWSE INCDIR(.\USER\timer;.\USER\key
                    -;.\USER\Delay;.\USER\LCD1602;.\USER\uart) DEBUG OBJECTEXTEND PRINT(.\Listings\uart.lst) TABS(2) OBJECT(.\Objects\uart.ob
                    -j)

line level    source

   1          #include"uart.h"
   2          #include <REGX52.H>
   3          
   4          void uart_init()
   5          {
   6   1        SCON = 0x40;
   7   1        PCON = PCON & 0x80;
   8   1        TMOD = TMOD & 0x0F;
   9   1        TMOD = TMOD | 0x20;
  10   1        TF1 = 0;
  11   1        TR1 = 1;
  12   1      //  ≤®Ãÿ¬ 9600°¢ ±÷”11.05926MHz
  13   1        TL1 = 0xFD;
  14   1        TH1 = 0xFD;
  15   1        ET1 = 0;
  16   1      }
  17          
  18          
  19          void uart_sendbyte(unsigned char byte)
  20          {
  21   1        SBUF = byte;
  22   1        while(TI == 0);
  23   1        TI = 0;
  24   1      }
  25          
  26          


MODULE INFORMATION:   STATIC OVERLAYABLE
   CODE SIZE        =     33    ----
   CONSTANT SIZE    =   ----    ----
   XDATA SIZE       =   ----    ----
   PDATA SIZE       =   ----    ----
   DATA SIZE        =   ----    ----
   IDATA SIZE       =   ----    ----
   BIT SIZE         =   ----    ----
END OF MODULE INFORMATION.


C51 COMPILATION COMPLETE.  0 WARNING(S),  0 ERROR(S)
