C51 COMPILER V9.60.0.0   TIMER                                                             06/14/2022 10:22:14 PAGE 1   


C51 COMPILER V9.60.0.0, COMPILATION OF MODULE TIMER
OBJECT MODULE PLACED IN .\Objects\timer.obj
COMPILER INVOKED BY: D:\Keil_v5\C51\BIN\C51.EXE USER\timer\timer.c OPTIMIZE(8,SPEED) BROWSE INCDIR(.\USER\timer) DEBUG O
                    -BJECTEXTEND PRINT(.\Listings\timer.lst) TABS(2) OBJECT(.\Objects\timer.obj)

line level    source

   1          #include "timer.h"
   2          #include <REGX52.H>
   3          
   4          /**
   5            * @brief  定时器初始化
   6                      初始化后每1微秒触发一次中断
   7            * @param  无
   8            * @retval 无
   9          */
  10          
  11          
  12          void Timer0_Init()
  13          {
  14   1      //  清0
  15   1        TMOD = TMOD & 0xF0;
  16   1      //  置1
  17   1        TMOD = TMOD | 0x01;
  18   1      //  标志位清0
  19   1        TF0 = 0;
  20   1      //  开始计数
  21   1        TR0 = 1;
  22   1      //  计数初值，这里初值是65535-1000，计数1000次是1微秒
  23   1        TL0 = 0x17;
  24   1        TH0 = 0xFC;
  25   1      //  定时器中断配置
  26   1        ET0 = 1;
  27   1        EA = 1;
  28   1        PT0 = 0;
  29   1      }
  30          
  31          
  32          /**
  33            * @brief  定时器中断
  34            * @param  无
  35            * @retval 无
  36          */
  37          
  38          unsigned int count;
  39          void Time0_Routine()interrupt 1
  40          {
  41   1      //  赋初值否则只有一次是1微秒，其他为65微秒
  42   1          TL0 = 0x17;
  43   1          TH0 = 0xFC;
  44   1          count++;
  45   1          if(count == 1000)
  46   1          {
  47   2            P2_0 = ~P2_0;
  48   2            count = 0;
  49   2          }
  50   1      }


MODULE INFORMATION:   STATIC OVERLAYABLE
   CODE SIZE        =     62    ----
C51 COMPILER V9.60.0.0   TIMER                                                             06/14/2022 10:22:14 PAGE 2   

   CONSTANT SIZE    =   ----    ----
   XDATA SIZE       =   ----    ----
   PDATA SIZE       =   ----    ----
   DATA SIZE        =      2    ----
   IDATA SIZE       =   ----    ----
   BIT SIZE         =   ----    ----
END OF MODULE INFORMATION.


C51 COMPILATION COMPLETE.  0 WARNING(S),  0 ERROR(S)
