C51 COMPILER V9.60.0.0   MAIN                                                              06/13/2022 00:23:17 PAGE 1   


C51 COMPILER V9.60.0.0, COMPILATION OF MODULE MAIN
OBJECT MODULE PLACED IN .\Objects\main.obj
COMPILER INVOKED BY: D:\Keil_v5\C51\BIN\C51.EXE main.c OPTIMIZE(8,SPEED) BROWSE INCDIR(.\src\Delay;.\src\Seg) DEBUG OBJE
                    -CTEXTEND PRINT(.\Listings\main.lst) TABS(2) OBJECT(.\Objects\main.obj)

line level    source

   1          #include <REGX51.H>
   2          #include <intrins.h>
   3          #include "delay.h"
   4          #include "seg.h"
   5          
   6          void main()
   7          {
   8   1      
   9   1        while(1)
  10   1        {
  11   2          int i = 0;
  12   2          for(i;i<=7;i++)
  13   2          {
  14   3            display(i,i);
  15   3          }
  16   2        }
  17   1      }
  18          
  19          


MODULE INFORMATION:   STATIC OVERLAYABLE
   CODE SIZE        =     37    ----
   CONSTANT SIZE    =   ----    ----
   XDATA SIZE       =   ----    ----
   PDATA SIZE       =   ----    ----
   DATA SIZE        =   ----       2
   IDATA SIZE       =   ----    ----
   BIT SIZE         =   ----    ----
END OF MODULE INFORMATION.


C51 COMPILATION COMPLETE.  0 WARNING(S),  0 ERROR(S)
