C51 COMPILER V9.60.0.0   SEG                                                               06/13/2022 00:23:17 PAGE 1   


C51 COMPILER V9.60.0.0, COMPILATION OF MODULE SEG
OBJECT MODULE PLACED IN .\Objects\seg.obj
COMPILER INVOKED BY: D:\Keil_v5\C51\BIN\C51.EXE src\Seg\seg.c OPTIMIZE(8,SPEED) BROWSE INCDIR(.\src\Delay;.\src\Seg) DEB
                    -UG OBJECTEXTEND PRINT(.\Listings\seg.lst) TABS(2) OBJECT(.\Objects\seg.obj)

line level    source

   1          #include <REGX51.H>
   2          #include "seg.h"
   3          #include "delay.h"
   4          
   5          
   6          
   7          sbit LED0 = P2^0;
   8          sbit LED1 = P2^1;
   9          sbit LED2 = P2^2;
  10          
  11          
  12          
  13          sbit key1 = P3^0;
  14          
  15          
  16          const unsigned int LED[8] = {0x01,0x02,0x04,0x08,0x10,0x20,0x40,0x80};
  17          //共阳极段选
  18          const unsigned int REG1[16] = {0xc0,0xF9,0xA4,0xB0,0x99,0x92,0x82,0xF8,0x80,0x90,0x88,0x83,0xC6,0xA1,0x86,
             -0x8E};
  19          //共阴极段选
  20          const unsigned int REG2[16] = {0x3F,0x06,0x5B,0x4F,0x66,0x6D,0x7D,0x07,0x7F,0x6F,0x77,0x7C,0x39,0x5E,0x79,
             -0x71};
  21          //位选
  22          const unsigned int REG3[8] = {0x00,0x01,0x02,0x03,0x04,0x05,0x06,0x07};
  23          
  24          
  25          
  26          
  27          
  28          /*
  29          *无返回值
  30          *x表示位选，y表示段选
  31          */
  32          void display(int x,int y)
  33          {
  34   1        switch(x)
  35   1        {
  36   2          case 0 :  LED0 = 0;LED1 = 0;LED2 = 0;break;
  37   2          case 1 :  LED0 = 1;LED1 = 0;LED2 = 0;break;
  38   2          case 2 :  LED0 = 0;LED1 = 1;LED2 = 0;break;
  39   2          case 3 :  LED0 = 1;LED1 = 1;LED2 = 0;break;
  40   2          case 4 :  LED0 = 0;LED1 = 0;LED2 = 1;break;
  41   2          case 5 :  LED0 = 1;LED1 = 0;LED2 = 1;break;
  42   2          case 6 :  LED0 = 0;LED1 = 1;LED2 = 1;break;
  43   2          case 7 :  LED0 = 1;LED1 = 1;LED2 = 1;break;
  44   2        }
  45   1        P0 = REG2[y];
  46   1        Delay(1);
  47   1      //  消影
  48   1        P0 = 0x00;
  49   1      }


MODULE INFORMATION:   STATIC OVERLAYABLE
C51 COMPILER V9.60.0.0   SEG                                                               06/13/2022 00:23:17 PAGE 2   

   CODE SIZE        =    107    ----
   CONSTANT SIZE    =   ----    ----
   XDATA SIZE       =   ----    ----
   PDATA SIZE       =   ----    ----
   DATA SIZE        =     96    ----
   IDATA SIZE       =   ----    ----
   BIT SIZE         =   ----    ----
END OF MODULE INFORMATION.


C51 COMPILATION COMPLETE.  0 WARNING(S),  0 ERROR(S)
