C51 COMPILER V9.60.0.0   MAIN                                                              06/14/2022 11:46:22 PAGE 1   


C51 COMPILER V9.60.0.0, COMPILATION OF MODULE MAIN
OBJECT MODULE PLACED IN .\Objects\main.obj
COMPILER INVOKED BY: D:\Keil_v5\C51\BIN\C51.EXE main.c OPTIMIZE(8,SPEED) BROWSE INCDIR(.\USER\timer;.\USER\key;.\USER\De
                    -lay) DEBUG OBJECTEXTEND PRINT(.\Listings\main.lst) TABS(2) OBJECT(.\Objects\main.obj)

line level    source

   1          #include <REGX52.H>
   2          #include "timer.h"
   3          #include "key.h"
   4          #include "INTRINS.h"
   5          
   6          
   7          
   8          unsigned int keynum;
   9          unsigned int LEDMODE = 0;
  10          void main()
  11          {
  12   1        Timer0_Init();
  13   1        P2 = 0x01;
  14   1        
  15   1        while(1)
  16   1        {
  17   2          keynum = key();
  18   2          if(keynum)
  19   2          {
  20   3            if(keynum == 1)
  21   3            {
  22   4              LEDMODE = 1;
  23   4            }
  24   3            if(keynum == 2)
  25   3            {
  26   4              LEDMODE = 2;
  27   4            }
  28   3            if(keynum == 3)
  29   3            {
  30   4              
  31   4            }
  32   3            if(keynum == 4)
  33   3            {
  34   4              
  35   4            }
  36   3          }
  37   2        }
  38   1      }
  39          
  40          
  41          void Time0_Routine()interrupt 1
  42          {
  43   1          static unsigned int count = 0;
  44   1      //  赋初值否则只有一次是1微秒，其他为65微秒
  45   1          TL0 = 0x18;
  46   1          TH0 = 0xFC;
  47   1          count++;
  48   1          if(count == 1000)
  49   1          {
  50   2            count = 0;
  51   2            if(LEDMODE == 1)
  52   2            {
  53   3              P2 = _cror_(P2,1);
  54   3            }
C51 COMPILER V9.60.0.0   MAIN                                                              06/14/2022 11:46:22 PAGE 2   

  55   2            
  56   2            if(LEDMODE == 2)
  57   2            {
  58   3              P2 = _crol_(P2,1);
  59   3            }
  60   2            
  61   2          }
  62   1      }
  63          
  64          


MODULE INFORMATION:   STATIC OVERLAYABLE
   CODE SIZE        =    143    ----
   CONSTANT SIZE    =   ----    ----
   XDATA SIZE       =   ----    ----
   PDATA SIZE       =   ----    ----
   DATA SIZE        =      6    ----
   IDATA SIZE       =   ----    ----
   BIT SIZE         =   ----    ----
END OF MODULE INFORMATION.


C51 COMPILATION COMPLETE.  0 WARNING(S),  0 ERROR(S)
