C51 COMPILER V9.60.0.0   MAIN                                                              06/12/2022 11:16:52 PAGE 1   


C51 COMPILER V9.60.0.0, COMPILATION OF MODULE MAIN
OBJECT MODULE PLACED IN .\Objects\main.obj
COMPILER INVOKED BY: D:\Keil_v5\C51\BIN\C51.EXE main.c OPTIMIZE(8,SPEED) BROWSE DEBUG OBJECTEXTEND PRINT(.\Listings\main
                    -.lst) TABS(2) OBJECT(.\Objects\main.obj)

line level    source

   1          #include <REGX51.H>
   2          
   3          sbit LED0 = P2^0;
   4          sbit LED1 = P2^1;
   5          sbit LED2 = P2^2;
   6          sbit LED3 = P2^3;
   7          sbit LED4 = P2^4;
   8          sbit LED5 = P2^5;
   9          sbit LED6 = P2^6;
  10          sbit LED7 = P2^7;
  11          
  12          
  13          void main()
  14          {
  15   1      
  16   1      
  17   1        while(1)
  18   1        {
  19   2          LED0 = 1;
  20   2          LED1 = 0;
  21   2          LED2 = 0;
  22   2          LED3 = 0;
  23   2          LED4 = 0;
  24   2          LED5 = 0;
  25   2          LED6 = 0;
  26   2          LED7 = 0;
  27   2      
  28   2        }
  29   1      }


MODULE INFORMATION:   STATIC OVERLAYABLE
   CODE SIZE        =     18    ----
   CONSTANT SIZE    =   ----    ----
   XDATA SIZE       =   ----    ----
   PDATA SIZE       =   ----    ----
   DATA SIZE        =   ----    ----
   IDATA SIZE       =   ----    ----
   BIT SIZE         =   ----    ----
END OF MODULE INFORMATION.


C51 COMPILATION COMPLETE.  0 WARNING(S),  0 ERROR(S)
