C51 COMPILER V9.60.0.0   DS1302                                                            06/18/2022 16:04:28 PAGE 1   


C51 COMPILER V9.60.0.0, COMPILATION OF MODULE DS1302
OBJECT MODULE PLACED IN .\Objects\DS1302.obj
COMPILER INVOKED BY: D:\Keil_v5\C51\BIN\C51.EXE USER\DS1302\DS1302.c OPTIMIZE(8,SPEED) BROWSE INCDIR(.\USER\timer;.\USER
                    -\key;.\USER\Delay;.\USER\LCD1602;.\USER\uart;.\USER\DS1302) DEBUG OBJECTEXTEND PRINT(.\Listings\DS1302.lst) TABS(2) OBJE
                    -CT(.\Objects\DS1302.obj)

line level    source

   1          #include "DS1302.h"
   2          #include <REGX52.H>
   3          
   4          
   5          sbit DS1302_CE = P3^5;
   6          sbit DS1302_SCLK = P3^6;
   7          sbit DS1302_IO = P3^7;
   8          
   9          
  10          /**
  11            * @brief  DS1302初始化函数
  12            * @param  无
  13            * @retval 无
  14          */
  15          
  16          void DS1302_init(void)
  17          {
  18   1        DS1302_CE = 0;
  19   1        DS1302_SCLK = 0;
  20   1      }
  21          
  22          
  23          
  24          /**
  25            * @brief  DS1302读数据
  26            * @param  
  27            * @retval
  28          */
  29          
  30          
  31          unsigned char DS1302_readbyte(unsigned char command)
  32          {
  33   1        unsigned char Data = 0x00,i;
  34   1        DS1302_CE = 1;
  35   1        for(i = 0;i < 8;i++)
  36   1        {
  37   2          DS1302_IO = command & (0x01 << i);
  38   2          DS1302_SCLK = 0;
  39   2          DS1302_SCLK = 1;
  40   2        }
  41   1        
  42   1        for(i = 0;i < 8;i++)
  43   1        {
  44   2          DS1302_SCLK = 1;
  45   2          DS1302_SCLK = 0;
  46   2          if(DS1302_IO)
  47   2          {
  48   3            Data = Data | (0x01 << i);
  49   3          }
  50   2        }
  51   1        
  52   1        DS1302_CE = 0;
  53   1        DS1302_IO = 0;
C51 COMPILER V9.60.0.0   DS1302                                                            06/18/2022 16:04:28 PAGE 2   

  54   1        return Data;
  55   1      }
  56          
  57          
  58          
  59          
  60          /**
  61            * @brief  DS1302写数据
  62            * @param
  63            * @retval
  64          */
  65          
  66          
  67          
  68          void DS1302_writebyte(unsigned char command,Data)
  69          { 
  70   1        unsigned char i;
  71   1        DS1302_CE = 1;
  72   1        for(i = 0;i < 8;i++)
  73   1        {
  74   2          DS1302_IO = command & (0x01 << i);
  75   2          DS1302_SCLK = 1;
  76   2          DS1302_SCLK = 0;
  77   2        }
  78   1        for(i = 0;i < 8;i++)
  79   1        {
  80   2          DS1302_IO = Data & (0x01 << i);
  81   2          DS1302_SCLK = 1;
  82   2          DS1302_SCLK = 0;
  83   2        }
  84   1        DS1302_CE = 0;
  85   1      }


MODULE INFORMATION:   STATIC OVERLAYABLE
   CODE SIZE        =    203    ----
   CONSTANT SIZE    =   ----    ----
   XDATA SIZE       =   ----    ----
   PDATA SIZE       =   ----    ----
   DATA SIZE        =   ----       2
   IDATA SIZE       =   ----    ----
   BIT SIZE         =   ----    ----
END OF MODULE INFORMATION.


C51 COMPILATION COMPLETE.  0 WARNING(S),  0 ERROR(S)
