C51 COMPILER V9.60.0.0   MAIN                                                              06/13/2022 11:02:04 PAGE 1   


C51 COMPILER V9.60.0.0, COMPILATION OF MODULE MAIN
OBJECT MODULE PLACED IN .\Objects\main.obj
COMPILER INVOKED BY: D:\Keil_v5\C51\BIN\C51.EXE main.c OPTIMIZE(8,SPEED) BROWSE INCDIR(.\src\Delay;.\src\Seg;.\src\LCD16
                    -02) DEBUG OBJECTEXTEND PRINT(.\Listings\main.lst) TABS(2) OBJECT(.\Objects\main.obj)

line level    source

   1          #include <REGX51.H>
   2          #include <intrins.h>
   3          #include "delay.h"
   4          #include "seg.h"
   5          #include "LCD1602.h"
   6          
   7          void main()
   8          {
   9   1        LCD_Init();
  10   1        while(1)
  11   1        {
  12   2          int key = 0;
  13   2          
  14   2          
  15   2          P1 = 0x7F;
  16   2          if(P1 != 0x7F)
  17   2          {
  18   3            switch(P1)
  19   3            {
  20   4              case 0x77:key = 1;break;
  21   4              case 0x7B:key = 2;break;
  22   4              case 0x7D:key = 3;break;
  23   4              case 0x7E:key = 4;break;
  24   4            }
  25   3          }
  26   2      
  27   2          
  28   2          
  29   2          P1 = 0xBF;
  30   2          if(P1 != 0xBF)
  31   2          {
  32   3            switch(P1)
  33   3            {
  34   4              case 0xB7:key = 5;break;
  35   4              case 0xBB:key = 6;break;
  36   4              case 0xBD:key = 7;break;
  37   4              case 0xBE:key = 8;break;
  38   4            }
  39   3          }
  40   2      
  41   2          P1 = 0xDF;
  42   2          if(P1 != 0xDF)
  43   2          {
  44   3            switch(P1)
  45   3            {
  46   4              case 0xD7:key = 9;break;
  47   4              case 0xDB:key = 10;break;
  48   4              case 0xDD:key = 11;break;
  49   4              case 0xDE:key = 12;break;
  50   4            }
  51   3          }
  52   2          
  53   2          P1 = 0xEF;
  54   2          if(P1 != 0xEF)
C51 COMPILER V9.60.0.0   MAIN                                                              06/13/2022 11:02:04 PAGE 2   

  55   2          {
  56   3            switch(P1)
  57   3            {
  58   4              case 0xE7:key = 13;break;
  59   4              case 0xEB:key = 14;break;
  60   4              case 0xED:key = 15;break;
  61   4              case 0xEE:key = 16;break;
  62   4            }
  63   3          }
  64   2      
  65   2          
  66   2          
  67   2          
  68   2          
  69   2          
  70   2          
  71   2          
  72   2          
  73   2          
  74   2          
  75   2          
  76   2          
  77   2          
  78   2      
  79   2             LCD_ShowNum(1,1,key,2);
  80   2        }
  81   1      }
  82          
  83          


MODULE INFORMATION:   STATIC OVERLAYABLE
   CODE SIZE        =    257    ----
   CONSTANT SIZE    =   ----    ----
   XDATA SIZE       =   ----    ----
   PDATA SIZE       =   ----    ----
   DATA SIZE        =   ----       2
   IDATA SIZE       =   ----    ----
   BIT SIZE         =   ----    ----
END OF MODULE INFORMATION.


C51 COMPILATION COMPLETE.  0 WARNING(S),  0 ERROR(S)
