C51 COMPILER V9.60.0.0   MAIN                                                              06/14/2022 19:49:05 PAGE 1   


C51 COMPILER V9.60.0.0, COMPILATION OF MODULE MAIN
OBJECT MODULE PLACED IN .\Objects\main.obj
COMPILER INVOKED BY: D:\Keil_v5\C51\BIN\C51.EXE main.c OPTIMIZE(8,SPEED) BROWSE INCDIR(.\USER\timer;.\USER\key;.\USER\De
                    -lay;.\USER\LCD1602;.\USER\uart) DEBUG OBJECTEXTEND PRINT(.\Listings\main.lst) TABS(2) OBJECT(.\Objects\main.obj)

line level    source

   1          #include <REGX52.H>
   2          #include "INTRINS.h"
   3          #include "LCD1602.h"
   4          #include "uart.h"
   5          #include <delay.h>
   6          
   7          
   8          unsigned int num;
   9          
  10          
  11          void main()
  12          {
  13   1        P2 = 0x00;
  14   1        uart_init();
  15   1        while(1)
  16   1        {
  17   2          Delay(1000);
  18   2        }
  19   1      }
  20          
  21          
  22          void uart_routine(void) interrupt 4
  23          {
  24   1        if(RI == 1)
  25   1        {
  26   2          P2 = SBUF;
  27   2          num = SBUF;
  28   2          uart_sendbyte(num);
  29   2          RI = 0;
  30   2        }
  31   1      }
  32          
  33          
  34          
  35          
  36          


MODULE INFORMATION:   STATIC OVERLAYABLE
   CODE SIZE        =     89    ----
   CONSTANT SIZE    =   ----    ----
   XDATA SIZE       =   ----    ----
   PDATA SIZE       =   ----    ----
   DATA SIZE        =      2    ----
   IDATA SIZE       =   ----    ----
   BIT SIZE         =   ----    ----
END OF MODULE INFORMATION.


C51 COMPILATION COMPLETE.  0 WARNING(S),  0 ERROR(S)
